TN:
SF:calculate.js
FN:1,add
FN:5,minus
FNF:2
FNH:2
FNDA:1,add
FNDA:1,minus
DA:1,1
DA:2,1
DA:3,1
DA:4,1
DA:5,1
DA:6,1
DA:7,1
LF:7
LH:7
BRDA:1,0,0,1
BRDA:5,1,0,1
BRF:2
BRH:2
end_of_record
TN:
SF:fetchData.js
FN:3,fetchDataTimer
FN:11,fetchDataPromise
FN:21,fetchDataError
FNF:3
FNH:3
FNDA:1,fetchDataTimer
FNDA:2,fetchDataPromise
FNDA:1,fetchDataError
DA:1,1
DA:2,1
DA:3,1
DA:4,1
DA:5,1
DA:6,1
DA:7,1
DA:8,1
DA:9,1
DA:10,1
DA:11,1
DA:12,2
DA:13,2
DA:14,2
DA:15,2
DA:16,2
DA:17,2
DA:18,2
DA:19,2
DA:20,1
DA:21,1
DA:22,1
DA:23,1
LF:23
LH:23
BRDA:3,0,0,1
BRDA:4,1,0,1
BRDA:11,2,0,2
BRDA:12,3,0,2
BRDA:13,4,0,2
BRDA:21,5,0,1
BRF:6
BRH:6
end_of_record
